<?xml version="1.0" encoding="UTF-8"?>
<testsuite name="Realizar una búsqueda en Google" tests="1" skipped="0" failures="0" errors="0" timestamp="2024-02-16T14:56:37" hostname="JHERRERA" time="46.325">
  <properties/>
  <testcase name="Búsqueda exitosa en Google" classname="Realizar una búsqueda en Google" time="46.325"/>
  <system-out><![CDATA[]]></system-out>
  <system-err><![CDATA[feb. 16, 2024 9:56:58 A. M. org.openqa.selenium.devtools.CdpVersionFinder findNearestMatch
ADVERTENCIA: Unable to find CDP implementation matching 121
feb. 16, 2024 9:56:58 A. M. org.openqa.selenium.chromium.ChromiumDriver lambda$new$5
ADVERTENCIA: Unable to find version of CDP to use for 121.0.6167.185. You may need to include a dependency on a specific version of the CDP using something similar to `org.seleniumhq.selenium:selenium-devtools-v86:4.12.1` where the version ("v86") matches the version of the chromium-based browser you're using and the version number of the artifact is the same as Selenium's.
]]></system-err>
</testsuite>
